[2019-05-15 22:56:35.173] [jointLog] [info] parsing read library format
[2019-05-15 22:56:35.173] [jointLog] [info] There is 1 library.
[2019-05-15 22:56:35.225] [jointLog] [info] Loading Quasi index
[2019-05-15 22:56:35.227] [jointLog] [info] Loading 32-bit quasi index
[2019-05-15 22:56:46.245] [jointLog] [info] done
[2019-05-15 22:56:46.245] [jointLog] [info] Index contained 200401 targets
[2019-05-15 22:56:51.315] [jointLog] [info] Automatically detected most likely library type as IU
[2019-05-16 01:48:15.640] [jointLog] [info] Computed 489692 rich equivalence classes for further processing
[2019-05-16 01:48:15.640] [jointLog] [info] Counted 75308236 total reads in the equivalence classes 
[2019-05-16 01:48:15.643] [jointLog] [info] Mapping rate = 82.0517%

[2019-05-16 01:48:15.643] [jointLog] [info] finished quantifyLibrary()
[2019-05-16 01:48:15.647] [jointLog] [info] Starting optimizer
[2019-05-16 01:48:15.641] [fileLog] [info] 
At end of round 0
==================
Observed 91781477 total fragments (91781477 in most recent round)

[2019-05-16 01:48:16.239] [jointLog] [info] Marked 1 weighted equivalence classes as degenerate
[2019-05-16 01:48:16.409] [jointLog] [info] iteration = 0 | max rel diff. = 10.0595
[2019-05-16 01:48:17.906] [jointLog] [info] iteration 11, adjusting effective lengths to account for biases
[2019-05-16 02:40:30.497] [jointLog] [info] Computed expected counts (for bias correction)
[2019-05-16 02:40:30.514] [jointLog] [info] processed bias for 0.0% of the transcripts
[2019-05-16 02:46:36.149] [jointLog] [info] processed bias for 10.0% of the transcripts
[2019-05-16 02:52:42.932] [jointLog] [info] processed bias for 20.0% of the transcripts
[2019-05-16 02:58:53.470] [jointLog] [info] processed bias for 30.0% of the transcripts
[2019-05-16 03:04:44.083] [jointLog] [info] processed bias for 40.0% of the transcripts
[2019-05-16 03:10:32.450] [jointLog] [info] processed bias for 50.0% of the transcripts
[2019-05-16 03:16:26.359] [jointLog] [info] processed bias for 60.0% of the transcripts
[2019-05-16 03:21:38.832] [jointLog] [info] processed bias for 70.0% of the transcripts
[2019-05-16 03:26:51.058] [jointLog] [info] processed bias for 80.0% of the transcripts
[2019-05-16 03:31:20.510] [jointLog] [info] processed bias for 100.0% of the transcripts
[2019-05-16 03:31:34.415] [jointLog] [info] iteration = 100 | max rel diff. = 0.31248
[2019-05-16 03:31:49.526] [jointLog] [info] iteration = 200 | max rel diff. = 0.110995
[2019-05-16 03:32:04.515] [jointLog] [info] iteration = 300 | max rel diff. = 0.0668609
[2019-05-16 03:32:20.193] [jointLog] [info] iteration = 400 | max rel diff. = 0.0479065
[2019-05-16 03:32:35.000] [jointLog] [info] iteration = 500 | max rel diff. = 0.0473901
[2019-05-16 03:32:50.128] [jointLog] [info] iteration = 600 | max rel diff. = 0.0287932
[2019-05-16 03:33:05.426] [jointLog] [info] iteration = 700 | max rel diff. = 0.0270096
[2019-05-16 03:33:20.643] [jointLog] [info] iteration = 800 | max rel diff. = 0.0165634
[2019-05-16 03:33:35.793] [jointLog] [info] iteration = 900 | max rel diff. = 0.0160732
[2019-05-16 03:33:50.729] [jointLog] [info] iteration = 1000 | max rel diff. = 0.0127276
[2019-05-16 03:34:06.358] [jointLog] [info] iteration = 1100 | max rel diff. = 0.0144296
[2019-05-16 03:34:21.462] [jointLog] [info] iteration = 1200 | max rel diff. = 0.0127388
[2019-05-16 03:34:36.998] [jointLog] [info] iteration = 1300 | max rel diff. = 0.0171214
[2019-05-16 03:34:52.181] [jointLog] [info] iteration = 1400 | max rel diff. = 0.0117216
[2019-05-16 03:35:07.928] [jointLog] [info] iteration = 1500 | max rel diff. = 0.0106237
[2019-05-16 03:35:23.540] [jointLog] [info] iteration = 1600 | max rel diff. = 0.0106241
[2019-05-16 03:35:35.278] [jointLog] [info] iteration = 1677 | max rel diff. = 0.00974584
[2019-05-16 03:35:35.308] [jointLog] [info] Finished optimizer
[2019-05-16 03:35:35.308] [jointLog] [info] writing output 

[2019-05-16 03:35:35.775] [jointLog] [info] Starting Bootstrapping
[2019-05-16 03:35:36.244] [jointLog] [info] Will draw 100 bootstrap samples
[2019-05-16 03:35:36.244] [jointLog] [info] Optimizing over 489692 equivalence classes
[2019-05-16 03:35:36.307] [jointLog] [info] Marked 0 weighted equivalence classes as degenerate
[2019-05-16 03:37:48.566] [jointLog] [info] wrote 1 bootstraps
[2019-05-16 03:40:02.803] [jointLog] [info] wrote 2 bootstraps
[2019-05-16 03:42:29.479] [jointLog] [info] wrote 3 bootstraps
[2019-05-16 03:44:35.879] [jointLog] [info] wrote 4 bootstraps
[2019-05-16 03:46:42.822] [jointLog] [info] wrote 5 bootstraps
[2019-05-16 03:49:03.043] [jointLog] [info] wrote 6 bootstraps
[2019-05-16 03:51:20.236] [jointLog] [info] wrote 7 bootstraps
[2019-05-16 03:53:45.633] [jointLog] [info] wrote 8 bootstraps
[2019-05-16 03:55:39.043] [jointLog] [info] wrote 9 bootstraps
[2019-05-16 03:57:42.457] [jointLog] [info] wrote 10 bootstraps
[2019-05-16 03:59:37.427] [jointLog] [info] wrote 11 bootstraps
[2019-05-16 04:01:42.507] [jointLog] [info] wrote 12 bootstraps
[2019-05-16 04:03:52.832] [jointLog] [info] wrote 13 bootstraps
[2019-05-16 04:06:01.423] [jointLog] [info] wrote 14 bootstraps
[2019-05-16 04:07:51.264] [jointLog] [info] wrote 15 bootstraps
[2019-05-16 04:10:12.522] [jointLog] [info] wrote 16 bootstraps
[2019-05-16 04:12:45.155] [jointLog] [info] wrote 17 bootstraps
[2019-05-16 04:14:55.014] [jointLog] [info] wrote 18 bootstraps
[2019-05-16 04:16:56.093] [jointLog] [info] wrote 19 bootstraps
[2019-05-16 04:19:05.239] [jointLog] [info] wrote 20 bootstraps
[2019-05-16 04:21:42.099] [jointLog] [info] wrote 21 bootstraps
[2019-05-16 04:24:09.489] [jointLog] [info] wrote 22 bootstraps
[2019-05-16 04:26:12.580] [jointLog] [info] wrote 23 bootstraps
[2019-05-16 04:28:19.565] [jointLog] [info] wrote 24 bootstraps
[2019-05-16 04:30:29.896] [jointLog] [info] wrote 25 bootstraps
[2019-05-16 04:32:38.203] [jointLog] [info] wrote 26 bootstraps
[2019-05-16 04:35:07.000] [jointLog] [info] wrote 27 bootstraps
[2019-05-16 04:37:04.739] [jointLog] [info] wrote 28 bootstraps
[2019-05-16 04:38:33.929] [jointLog] [info] wrote 29 bootstraps
[2019-05-16 04:39:58.492] [jointLog] [info] wrote 30 bootstraps
[2019-05-16 04:41:31.930] [jointLog] [info] wrote 31 bootstraps
[2019-05-16 04:43:01.484] [jointLog] [info] wrote 32 bootstraps
[2019-05-16 04:44:28.509] [jointLog] [info] wrote 33 bootstraps
[2019-05-16 04:46:06.473] [jointLog] [info] wrote 34 bootstraps
[2019-05-16 04:47:35.785] [jointLog] [info] wrote 35 bootstraps
[2019-05-16 04:49:46.096] [jointLog] [info] wrote 36 bootstraps
[2019-05-16 04:51:53.210] [jointLog] [info] wrote 37 bootstraps
[2019-05-16 04:53:45.779] [jointLog] [info] wrote 38 bootstraps
[2019-05-16 04:55:31.414] [jointLog] [info] wrote 39 bootstraps
[2019-05-16 04:57:27.576] [jointLog] [info] wrote 40 bootstraps
[2019-05-16 04:59:34.883] [jointLog] [info] wrote 41 bootstraps
[2019-05-16 05:01:36.739] [jointLog] [info] wrote 42 bootstraps
[2019-05-16 05:03:36.603] [jointLog] [info] wrote 43 bootstraps
[2019-05-16 05:05:25.346] [jointLog] [info] wrote 44 bootstraps
[2019-05-16 05:07:35.343] [jointLog] [info] wrote 45 bootstraps
[2019-05-16 05:09:17.403] [jointLog] [info] wrote 46 bootstraps
[2019-05-16 05:10:46.491] [jointLog] [info] wrote 47 bootstraps
[2019-05-16 05:12:30.082] [jointLog] [info] wrote 48 bootstraps
[2019-05-16 05:14:08.454] [jointLog] [info] wrote 49 bootstraps
[2019-05-16 05:15:37.114] [jointLog] [info] wrote 50 bootstraps
[2019-05-16 05:17:42.462] [jointLog] [info] wrote 51 bootstraps
[2019-05-16 05:19:20.180] [jointLog] [info] wrote 52 bootstraps
[2019-05-16 05:20:58.646] [jointLog] [info] wrote 53 bootstraps
[2019-05-16 05:22:44.409] [jointLog] [info] wrote 54 bootstraps
[2019-05-16 05:24:34.226] [jointLog] [info] wrote 55 bootstraps
[2019-05-16 05:26:24.580] [jointLog] [info] wrote 56 bootstraps
[2019-05-16 05:28:12.534] [jointLog] [info] wrote 57 bootstraps
[2019-05-16 05:30:06.530] [jointLog] [info] wrote 58 bootstraps
[2019-05-16 05:31:30.414] [jointLog] [info] wrote 59 bootstraps
[2019-05-16 05:33:30.453] [jointLog] [info] wrote 60 bootstraps
[2019-05-16 05:35:00.472] [jointLog] [info] wrote 61 bootstraps
[2019-05-16 05:36:39.238] [jointLog] [info] wrote 62 bootstraps
[2019-05-16 05:38:26.417] [jointLog] [info] wrote 63 bootstraps
[2019-05-16 05:40:13.932] [jointLog] [info] wrote 64 bootstraps
[2019-05-16 05:42:06.862] [jointLog] [info] wrote 65 bootstraps
[2019-05-16 05:43:44.672] [jointLog] [info] wrote 66 bootstraps
[2019-05-16 05:45:21.300] [jointLog] [info] wrote 67 bootstraps
[2019-05-16 05:46:56.040] [jointLog] [info] wrote 68 bootstraps
[2019-05-16 05:48:37.855] [jointLog] [info] wrote 69 bootstraps
[2019-05-16 05:50:15.937] [jointLog] [info] wrote 70 bootstraps
[2019-05-16 05:51:57.390] [jointLog] [info] wrote 71 bootstraps
[2019-05-16 05:54:11.705] [jointLog] [info] wrote 72 bootstraps
[2019-05-16 05:56:04.258] [jointLog] [info] wrote 73 bootstraps
[2019-05-16 05:57:42.300] [jointLog] [info] wrote 74 bootstraps
[2019-05-16 06:00:16.698] [jointLog] [info] wrote 75 bootstraps
[2019-05-16 06:02:09.693] [jointLog] [info] wrote 76 bootstraps
[2019-05-16 06:03:36.316] [jointLog] [info] wrote 77 bootstraps
[2019-05-16 06:05:23.331] [jointLog] [info] wrote 78 bootstraps
[2019-05-16 06:07:03.456] [jointLog] [info] wrote 79 bootstraps
[2019-05-16 06:08:43.892] [jointLog] [info] wrote 80 bootstraps
[2019-05-16 06:10:25.323] [jointLog] [info] wrote 81 bootstraps
[2019-05-16 06:12:07.062] [jointLog] [info] wrote 82 bootstraps
[2019-05-16 06:13:47.897] [jointLog] [info] wrote 83 bootstraps
[2019-05-16 06:15:27.048] [jointLog] [info] wrote 84 bootstraps
[2019-05-16 06:16:55.152] [jointLog] [info] wrote 85 bootstraps
[2019-05-16 06:18:28.254] [jointLog] [info] wrote 86 bootstraps
[2019-05-16 06:19:57.777] [jointLog] [info] wrote 87 bootstraps
[2019-05-16 06:21:22.845] [jointLog] [info] wrote 88 bootstraps
[2019-05-16 06:22:44.595] [jointLog] [info] wrote 89 bootstraps
[2019-05-16 06:24:10.052] [jointLog] [info] wrote 90 bootstraps
[2019-05-16 06:25:42.437] [jointLog] [info] wrote 91 bootstraps
[2019-05-16 06:27:09.166] [jointLog] [info] wrote 92 bootstraps
[2019-05-16 06:28:35.690] [jointLog] [info] wrote 93 bootstraps
[2019-05-16 06:30:01.786] [jointLog] [info] wrote 94 bootstraps
[2019-05-16 06:31:21.445] [jointLog] [info] wrote 95 bootstraps
[2019-05-16 06:32:40.503] [jointLog] [info] wrote 96 bootstraps
[2019-05-16 06:34:11.314] [jointLog] [info] wrote 97 bootstraps
[2019-05-16 06:35:31.009] [jointLog] [info] wrote 98 bootstraps
[2019-05-16 06:36:51.101] [jointLog] [info] wrote 99 bootstraps
[2019-05-16 06:38:19.918] [jointLog] [info] wrote 100 bootstraps
[2019-05-16 06:38:19.967] [jointLog] [info] Finished Bootstrapping
