[2019-05-15 22:56:35.261] [jointLog] [info] parsing read library format
[2019-05-15 22:56:35.261] [jointLog] [info] There is 1 library.
[2019-05-15 22:56:35.363] [jointLog] [info] Loading Quasi index
[2019-05-15 22:56:35.365] [jointLog] [info] Loading 32-bit quasi index
[2019-05-15 22:56:48.062] [jointLog] [info] done
[2019-05-15 22:56:48.062] [jointLog] [info] Index contained 200401 targets
[2019-05-15 22:56:55.468] [jointLog] [info] Automatically detected most likely library type as IU
[2019-05-16 02:54:42.019] [jointLog] [info] Computed 519366 rich equivalence classes for further processing
[2019-05-16 02:54:42.019] [jointLog] [info] Counted 101250665 total reads in the equivalence classes 
[2019-05-16 02:54:42.023] [jointLog] [info] Mapping rate = 80.9467%

[2019-05-16 02:54:42.024] [jointLog] [info] finished quantifyLibrary()
[2019-05-16 02:54:42.031] [jointLog] [info] Starting optimizer
[2019-05-16 02:54:42.022] [fileLog] [info] 
At end of round 0
==================
Observed 125083194 total fragments (125083194 in most recent round)

[2019-05-16 02:55:13.380] [jointLog] [info] Marked 0 weighted equivalence classes as degenerate
[2019-05-16 02:55:13.520] [jointLog] [info] iteration = 0 | max rel diff. = 10.0232
[2019-05-16 02:55:14.760] [jointLog] [info] iteration 11, adjusting effective lengths to account for biases
[2019-05-16 03:49:12.402] [jointLog] [info] Computed expected counts (for bias correction)
[2019-05-16 03:49:12.420] [jointLog] [info] processed bias for 0.0% of the transcripts
[2019-05-16 03:55:30.093] [jointLog] [info] processed bias for 10.0% of the transcripts
[2019-05-16 04:01:48.716] [jointLog] [info] processed bias for 20.0% of the transcripts
[2019-05-16 04:08:04.301] [jointLog] [info] processed bias for 30.0% of the transcripts
[2019-05-16 04:14:09.708] [jointLog] [info] processed bias for 40.0% of the transcripts
[2019-05-16 04:20:14.566] [jointLog] [info] processed bias for 50.0% of the transcripts
[2019-05-16 04:26:13.457] [jointLog] [info] processed bias for 60.0% of the transcripts
[2019-05-16 04:31:43.066] [jointLog] [info] processed bias for 70.0% of the transcripts
[2019-05-16 04:37:00.341] [jointLog] [info] processed bias for 80.0% of the transcripts
[2019-05-16 04:42:15.117] [jointLog] [info] processed bias for 100.0% of the transcripts
[2019-05-16 04:42:27.532] [jointLog] [info] iteration = 100 | max rel diff. = 0.186594
[2019-05-16 04:42:41.215] [jointLog] [info] iteration = 200 | max rel diff. = 0.0820949
[2019-05-16 04:42:54.904] [jointLog] [info] iteration = 300 | max rel diff. = 0.0555847
[2019-05-16 04:43:08.709] [jointLog] [info] iteration = 400 | max rel diff. = 0.0345858
[2019-05-16 04:43:22.276] [jointLog] [info] iteration = 500 | max rel diff. = 0.0411368
[2019-05-16 04:43:36.005] [jointLog] [info] iteration = 600 | max rel diff. = 0.033207
[2019-05-16 04:43:50.274] [jointLog] [info] iteration = 700 | max rel diff. = 0.0219798
[2019-05-16 04:44:05.210] [jointLog] [info] iteration = 800 | max rel diff. = 0.0228841
[2019-05-16 04:44:19.275] [jointLog] [info] iteration = 900 | max rel diff. = 0.0210944
[2019-05-16 04:44:33.476] [jointLog] [info] iteration = 1000 | max rel diff. = 0.0861751
[2019-05-16 04:44:47.413] [jointLog] [info] iteration = 1100 | max rel diff. = 0.0183168
[2019-05-16 04:45:00.045] [jointLog] [info] iteration = 1200 | max rel diff. = 0.0130075
[2019-05-16 04:45:13.580] [jointLog] [info] iteration = 1300 | max rel diff. = 0.0130088
[2019-05-16 04:45:27.175] [jointLog] [info] iteration = 1400 | max rel diff. = 0.0130092
[2019-05-16 04:45:40.892] [jointLog] [info] iteration = 1500 | max rel diff. = 0.0112329
[2019-05-16 04:45:55.322] [jointLog] [info] iteration = 1600 | max rel diff. = 0.011233
[2019-05-16 04:46:07.659] [jointLog] [info] iteration = 1688 | max rel diff. = 0.00820569
[2019-05-16 04:46:07.686] [jointLog] [info] Finished optimizer
[2019-05-16 04:46:07.686] [jointLog] [info] writing output 

[2019-05-16 04:46:08.185] [jointLog] [info] Starting Bootstrapping
[2019-05-16 04:46:08.585] [jointLog] [info] Will draw 100 bootstrap samples
[2019-05-16 04:46:08.585] [jointLog] [info] Optimizing over 519366 equivalence classes
[2019-05-16 04:46:08.656] [jointLog] [info] Marked 0 weighted equivalence classes as degenerate
[2019-05-16 04:48:05.947] [jointLog] [info] wrote 1 bootstraps
[2019-05-16 04:50:06.054] [jointLog] [info] wrote 2 bootstraps
[2019-05-16 04:52:22.432] [jointLog] [info] wrote 3 bootstraps
[2019-05-16 04:54:31.032] [jointLog] [info] wrote 4 bootstraps
[2019-05-16 04:56:31.300] [jointLog] [info] wrote 5 bootstraps
[2019-05-16 04:58:29.913] [jointLog] [info] wrote 6 bootstraps
[2019-05-16 05:00:32.295] [jointLog] [info] wrote 7 bootstraps
[2019-05-16 05:03:02.373] [jointLog] [info] wrote 8 bootstraps
[2019-05-16 05:05:00.594] [jointLog] [info] wrote 9 bootstraps
[2019-05-16 05:07:02.386] [jointLog] [info] wrote 10 bootstraps
[2019-05-16 05:09:11.061] [jointLog] [info] wrote 11 bootstraps
[2019-05-16 05:11:14.074] [jointLog] [info] wrote 12 bootstraps
[2019-05-16 05:13:14.962] [jointLog] [info] wrote 13 bootstraps
[2019-05-16 05:15:17.869] [jointLog] [info] wrote 14 bootstraps
[2019-05-16 05:17:25.347] [jointLog] [info] wrote 15 bootstraps
[2019-05-16 05:20:00.809] [jointLog] [info] wrote 16 bootstraps
[2019-05-16 05:22:01.260] [jointLog] [info] wrote 17 bootstraps
[2019-05-16 05:23:58.851] [jointLog] [info] wrote 18 bootstraps
[2019-05-16 05:26:04.294] [jointLog] [info] wrote 19 bootstraps
[2019-05-16 05:28:22.691] [jointLog] [info] wrote 20 bootstraps
[2019-05-16 05:30:31.948] [jointLog] [info] wrote 21 bootstraps
[2019-05-16 05:32:32.545] [jointLog] [info] wrote 22 bootstraps
[2019-05-16 05:34:44.462] [jointLog] [info] wrote 23 bootstraps
[2019-05-16 05:36:41.609] [jointLog] [info] wrote 24 bootstraps
[2019-05-16 05:38:37.834] [jointLog] [info] wrote 25 bootstraps
[2019-05-16 05:40:56.123] [jointLog] [info] wrote 26 bootstraps
[2019-05-16 05:42:56.944] [jointLog] [info] wrote 27 bootstraps
[2019-05-16 05:44:54.851] [jointLog] [info] wrote 28 bootstraps
[2019-05-16 05:47:14.380] [jointLog] [info] wrote 29 bootstraps
[2019-05-16 05:49:13.660] [jointLog] [info] wrote 30 bootstraps
[2019-05-16 05:51:30.840] [jointLog] [info] wrote 31 bootstraps
[2019-05-16 05:53:41.322] [jointLog] [info] wrote 32 bootstraps
[2019-05-16 05:55:51.843] [jointLog] [info] wrote 33 bootstraps
[2019-05-16 05:57:45.637] [jointLog] [info] wrote 34 bootstraps
[2019-05-16 06:00:14.024] [jointLog] [info] wrote 35 bootstraps
[2019-05-16 06:02:12.325] [jointLog] [info] wrote 36 bootstraps
[2019-05-16 06:04:09.720] [jointLog] [info] wrote 37 bootstraps
[2019-05-16 06:06:15.100] [jointLog] [info] wrote 38 bootstraps
[2019-05-16 06:08:16.049] [jointLog] [info] wrote 39 bootstraps
[2019-05-16 06:10:13.138] [jointLog] [info] wrote 40 bootstraps
[2019-05-16 06:12:18.657] [jointLog] [info] wrote 41 bootstraps
[2019-05-16 06:14:17.320] [jointLog] [info] wrote 42 bootstraps
[2019-05-16 06:16:30.998] [jointLog] [info] wrote 43 bootstraps
[2019-05-16 06:18:31.216] [jointLog] [info] wrote 44 bootstraps
[2019-05-16 06:20:32.401] [jointLog] [info] wrote 45 bootstraps
[2019-05-16 06:22:27.499] [jointLog] [info] wrote 46 bootstraps
[2019-05-16 06:24:33.017] [jointLog] [info] wrote 47 bootstraps
[2019-05-16 06:26:33.313] [jointLog] [info] wrote 48 bootstraps
[2019-05-16 06:29:01.007] [jointLog] [info] wrote 49 bootstraps
[2019-05-16 06:31:04.446] [jointLog] [info] wrote 50 bootstraps
[2019-05-16 06:33:05.650] [jointLog] [info] wrote 51 bootstraps
[2019-05-16 06:35:12.550] [jointLog] [info] wrote 52 bootstraps
[2019-05-16 06:37:14.977] [jointLog] [info] wrote 53 bootstraps
[2019-05-16 06:39:14.373] [jointLog] [info] wrote 54 bootstraps
[2019-05-16 06:41:08.549] [jointLog] [info] wrote 55 bootstraps
[2019-05-16 06:43:35.899] [jointLog] [info] wrote 56 bootstraps
[2019-05-16 06:45:37.513] [jointLog] [info] wrote 57 bootstraps
[2019-05-16 06:47:35.392] [jointLog] [info] wrote 58 bootstraps
[2019-05-16 06:49:50.265] [jointLog] [info] wrote 59 bootstraps
[2019-05-16 06:51:49.835] [jointLog] [info] wrote 60 bootstraps
[2019-05-16 06:53:55.630] [jointLog] [info] wrote 61 bootstraps
[2019-05-16 06:55:53.940] [jointLog] [info] wrote 62 bootstraps
[2019-05-16 06:57:50.812] [jointLog] [info] wrote 63 bootstraps
[2019-05-16 07:00:04.700] [jointLog] [info] wrote 64 bootstraps
[2019-05-16 07:02:18.065] [jointLog] [info] wrote 65 bootstraps
[2019-05-16 07:04:16.252] [jointLog] [info] wrote 66 bootstraps
[2019-05-16 07:06:08.371] [jointLog] [info] wrote 67 bootstraps
[2019-05-16 07:08:02.330] [jointLog] [info] wrote 68 bootstraps
[2019-05-16 07:10:12.891] [jointLog] [info] wrote 69 bootstraps
[2019-05-16 07:12:07.630] [jointLog] [info] wrote 70 bootstraps
[2019-05-16 07:13:59.307] [jointLog] [info] wrote 71 bootstraps
[2019-05-16 07:16:06.389] [jointLog] [info] wrote 72 bootstraps
[2019-05-16 07:17:56.495] [jointLog] [info] wrote 73 bootstraps
[2019-05-16 07:20:05.757] [jointLog] [info] wrote 74 bootstraps
[2019-05-16 07:22:02.936] [jointLog] [info] wrote 75 bootstraps
[2019-05-16 07:24:00.967] [jointLog] [info] wrote 76 bootstraps
[2019-05-16 07:25:56.308] [jointLog] [info] wrote 77 bootstraps
[2019-05-16 07:28:01.110] [jointLog] [info] wrote 78 bootstraps
[2019-05-16 07:29:57.317] [jointLog] [info] wrote 79 bootstraps
[2019-05-16 07:31:47.941] [jointLog] [info] wrote 80 bootstraps
[2019-05-16 07:33:53.636] [jointLog] [info] wrote 81 bootstraps
[2019-05-16 07:35:59.206] [jointLog] [info] wrote 82 bootstraps
[2019-05-16 07:37:52.850] [jointLog] [info] wrote 83 bootstraps
[2019-05-16 07:39:45.459] [jointLog] [info] wrote 84 bootstraps
[2019-05-16 07:41:44.972] [jointLog] [info] wrote 85 bootstraps
[2019-05-16 07:43:52.600] [jointLog] [info] wrote 86 bootstraps
[2019-05-16 07:46:05.786] [jointLog] [info] wrote 87 bootstraps
[2019-05-16 07:48:12.019] [jointLog] [info] wrote 88 bootstraps
[2019-05-16 07:50:07.500] [jointLog] [info] wrote 89 bootstraps
[2019-05-16 07:52:03.462] [jointLog] [info] wrote 90 bootstraps
[2019-05-16 07:54:04.250] [jointLog] [info] wrote 91 bootstraps
[2019-05-16 07:55:59.417] [jointLog] [info] wrote 92 bootstraps
[2019-05-16 07:58:11.157] [jointLog] [info] wrote 93 bootstraps
[2019-05-16 08:00:09.520] [jointLog] [info] wrote 94 bootstraps
[2019-05-16 08:02:16.265] [jointLog] [info] wrote 95 bootstraps
[2019-05-16 08:04:12.705] [jointLog] [info] wrote 96 bootstraps
[2019-05-16 08:06:21.850] [jointLog] [info] wrote 97 bootstraps
[2019-05-16 08:08:19.988] [jointLog] [info] wrote 98 bootstraps
[2019-05-16 08:10:37.591] [jointLog] [info] wrote 99 bootstraps
[2019-05-16 08:12:48.188] [jointLog] [info] wrote 100 bootstraps
[2019-05-16 08:12:48.245] [jointLog] [info] Finished Bootstrapping
