[2019-05-15 22:56:35.216] [jointLog] [info] parsing read library format
[2019-05-15 22:56:35.216] [jointLog] [info] There is 1 library.
[2019-05-15 22:56:35.364] [jointLog] [info] Loading Quasi index
[2019-05-15 22:56:35.366] [jointLog] [info] Loading 32-bit quasi index
[2019-05-15 22:56:49.088] [jointLog] [info] done
[2019-05-15 22:56:49.088] [jointLog] [info] Index contained 200401 targets
[2019-05-15 22:56:54.687] [jointLog] [info] Automatically detected most likely library type as IU
[2019-05-16 01:04:32.157] [fileLog] [info] 
At end of round 0
==================
Observed 67207757 total fragments (67207757 in most recent round)

[2019-05-16 01:04:32.156] [jointLog] [info] Computed 446240 rich equivalence classes for further processing
[2019-05-16 01:04:32.156] [jointLog] [info] Counted 50872784 total reads in the equivalence classes 
[2019-05-16 01:04:32.158] [jointLog] [info] Mapping rate = 75.6948%

[2019-05-16 01:04:32.158] [jointLog] [info] finished quantifyLibrary()
[2019-05-16 01:04:32.163] [jointLog] [info] Starting optimizer
[2019-05-16 01:04:32.523] [jointLog] [info] Marked 0 weighted equivalence classes as degenerate
[2019-05-16 01:04:32.613] [jointLog] [info] iteration = 0 | max rel diff. = 9.17842
[2019-05-16 01:04:33.458] [jointLog] [info] iteration 11, adjusting effective lengths to account for biases
[2019-05-16 01:57:35.077] [jointLog] [info] Computed expected counts (for bias correction)
[2019-05-16 01:57:35.099] [jointLog] [info] processed bias for 0.0% of the transcripts
[2019-05-16 02:04:00.945] [jointLog] [info] processed bias for 10.0% of the transcripts
[2019-05-16 02:10:26.789] [jointLog] [info] processed bias for 20.0% of the transcripts
[2019-05-16 02:16:56.619] [jointLog] [info] processed bias for 30.0% of the transcripts
[2019-05-16 02:23:07.478] [jointLog] [info] processed bias for 40.0% of the transcripts
[2019-05-16 02:29:08.470] [jointLog] [info] processed bias for 50.0% of the transcripts
[2019-05-16 02:35:22.044] [jointLog] [info] processed bias for 60.0% of the transcripts
[2019-05-16 02:40:49.400] [jointLog] [info] processed bias for 70.0% of the transcripts
[2019-05-16 02:46:21.822] [jointLog] [info] processed bias for 80.0% of the transcripts
[2019-05-16 02:49:49.951] [jointLog] [info] processed bias for 100.0% of the transcripts
[2019-05-16 02:49:57.985] [jointLog] [info] iteration = 100 | max rel diff. = 0.315905
[2019-05-16 02:50:07.135] [jointLog] [info] iteration = 200 | max rel diff. = 0.138435
[2019-05-16 02:50:16.018] [jointLog] [info] iteration = 300 | max rel diff. = 0.0455456
[2019-05-16 02:50:25.049] [jointLog] [info] iteration = 400 | max rel diff. = 0.0397702
[2019-05-16 02:50:33.945] [jointLog] [info] iteration = 500 | max rel diff. = 0.0302555
[2019-05-16 02:50:43.141] [jointLog] [info] iteration = 600 | max rel diff. = 0.0288611
[2019-05-16 02:50:52.021] [jointLog] [info] iteration = 700 | max rel diff. = 0.0323134
[2019-05-16 02:51:00.976] [jointLog] [info] iteration = 800 | max rel diff. = 0.0170148
[2019-05-16 02:51:10.243] [jointLog] [info] iteration = 900 | max rel diff. = 0.0143189
[2019-05-16 02:51:19.200] [jointLog] [info] iteration = 1000 | max rel diff. = 0.0343443
[2019-05-16 02:51:28.154] [jointLog] [info] iteration = 1100 | max rel diff. = 0.0129795
[2019-05-16 02:51:37.200] [jointLog] [info] iteration = 1200 | max rel diff. = 0.0129806
[2019-05-16 02:51:46.510] [jointLog] [info] iteration = 1300 | max rel diff. = 0.0108382
[2019-05-16 02:51:48.732] [jointLog] [info] iteration = 1325 | max rel diff. = 0.00984258
[2019-05-16 02:51:48.755] [jointLog] [info] Finished optimizer
[2019-05-16 02:51:48.755] [jointLog] [info] writing output 

[2019-05-16 02:51:49.154] [jointLog] [info] Starting Bootstrapping
[2019-05-16 02:51:49.424] [jointLog] [info] Will draw 100 bootstrap samples
[2019-05-16 02:51:49.424] [jointLog] [info] Optimizing over 446240 equivalence classes
[2019-05-16 02:51:49.468] [jointLog] [info] Marked 0 weighted equivalence classes as degenerate
[2019-05-16 02:52:56.624] [jointLog] [info] wrote 1 bootstraps
[2019-05-16 02:54:04.908] [jointLog] [info] wrote 2 bootstraps
[2019-05-16 02:55:16.834] [jointLog] [info] wrote 3 bootstraps
[2019-05-16 02:56:34.221] [jointLog] [info] wrote 4 bootstraps
[2019-05-16 02:57:43.124] [jointLog] [info] wrote 5 bootstraps
[2019-05-16 02:59:01.735] [jointLog] [info] wrote 6 bootstraps
[2019-05-16 03:00:07.649] [jointLog] [info] wrote 7 bootstraps
[2019-05-16 03:01:25.542] [jointLog] [info] wrote 8 bootstraps
[2019-05-16 03:02:33.384] [jointLog] [info] wrote 9 bootstraps
[2019-05-16 03:03:52.929] [jointLog] [info] wrote 10 bootstraps
[2019-05-16 03:05:04.251] [jointLog] [info] wrote 11 bootstraps
[2019-05-16 03:06:17.142] [jointLog] [info] wrote 12 bootstraps
[2019-05-16 03:07:27.137] [jointLog] [info] wrote 13 bootstraps
[2019-05-16 03:08:32.033] [jointLog] [info] wrote 14 bootstraps
[2019-05-16 03:09:37.424] [jointLog] [info] wrote 15 bootstraps
[2019-05-16 03:10:47.754] [jointLog] [info] wrote 16 bootstraps
[2019-05-16 03:11:59.621] [jointLog] [info] wrote 17 bootstraps
[2019-05-16 03:13:11.349] [jointLog] [info] wrote 18 bootstraps
[2019-05-16 03:14:23.555] [jointLog] [info] wrote 19 bootstraps
[2019-05-16 03:15:34.490] [jointLog] [info] wrote 20 bootstraps
[2019-05-16 03:16:57.561] [jointLog] [info] wrote 21 bootstraps
[2019-05-16 03:18:20.458] [jointLog] [info] wrote 22 bootstraps
[2019-05-16 03:19:25.542] [jointLog] [info] wrote 23 bootstraps
[2019-05-16 03:20:33.675] [jointLog] [info] wrote 24 bootstraps
[2019-05-16 03:21:41.944] [jointLog] [info] wrote 25 bootstraps
[2019-05-16 03:22:54.597] [jointLog] [info] wrote 26 bootstraps
[2019-05-16 03:24:16.240] [jointLog] [info] wrote 27 bootstraps
[2019-05-16 03:25:33.858] [jointLog] [info] wrote 28 bootstraps
[2019-05-16 03:26:49.232] [jointLog] [info] wrote 29 bootstraps
[2019-05-16 03:28:00.891] [jointLog] [info] wrote 30 bootstraps
[2019-05-16 03:29:20.200] [jointLog] [info] wrote 31 bootstraps
[2019-05-16 03:30:24.800] [jointLog] [info] wrote 32 bootstraps
[2019-05-16 03:31:38.777] [jointLog] [info] wrote 33 bootstraps
[2019-05-16 03:32:53.031] [jointLog] [info] wrote 34 bootstraps
[2019-05-16 03:34:15.473] [jointLog] [info] wrote 35 bootstraps
[2019-05-16 03:35:27.183] [jointLog] [info] wrote 36 bootstraps
[2019-05-16 03:36:43.100] [jointLog] [info] wrote 37 bootstraps
[2019-05-16 03:38:05.605] [jointLog] [info] wrote 38 bootstraps
[2019-05-16 03:39:25.266] [jointLog] [info] wrote 39 bootstraps
[2019-05-16 03:40:55.420] [jointLog] [info] wrote 40 bootstraps
[2019-05-16 03:42:17.050] [jointLog] [info] wrote 41 bootstraps
[2019-05-16 03:43:40.328] [jointLog] [info] wrote 42 bootstraps
[2019-05-16 03:44:55.246] [jointLog] [info] wrote 43 bootstraps
[2019-05-16 03:46:14.549] [jointLog] [info] wrote 44 bootstraps
[2019-05-16 03:47:40.407] [jointLog] [info] wrote 45 bootstraps
[2019-05-16 03:49:04.927] [jointLog] [info] wrote 46 bootstraps
[2019-05-16 03:50:26.260] [jointLog] [info] wrote 47 bootstraps
[2019-05-16 03:51:52.021] [jointLog] [info] wrote 48 bootstraps
[2019-05-16 03:53:24.639] [jointLog] [info] wrote 49 bootstraps
[2019-05-16 03:54:38.069] [jointLog] [info] wrote 50 bootstraps
[2019-05-16 03:55:52.385] [jointLog] [info] wrote 51 bootstraps
[2019-05-16 03:57:20.890] [jointLog] [info] wrote 52 bootstraps
[2019-05-16 03:58:40.630] [jointLog] [info] wrote 53 bootstraps
[2019-05-16 04:00:06.550] [jointLog] [info] wrote 54 bootstraps
[2019-05-16 04:01:21.788] [jointLog] [info] wrote 55 bootstraps
[2019-05-16 04:02:50.956] [jointLog] [info] wrote 56 bootstraps
[2019-05-16 04:04:08.332] [jointLog] [info] wrote 57 bootstraps
[2019-05-16 04:05:46.034] [jointLog] [info] wrote 58 bootstraps
[2019-05-16 04:07:05.555] [jointLog] [info] wrote 59 bootstraps
[2019-05-16 04:08:36.834] [jointLog] [info] wrote 60 bootstraps
[2019-05-16 04:09:59.820] [jointLog] [info] wrote 61 bootstraps
[2019-05-16 04:11:21.402] [jointLog] [info] wrote 62 bootstraps
[2019-05-16 04:12:55.999] [jointLog] [info] wrote 63 bootstraps
[2019-05-16 04:14:10.333] [jointLog] [info] wrote 64 bootstraps
[2019-05-16 04:15:34.154] [jointLog] [info] wrote 65 bootstraps
[2019-05-16 04:16:55.234] [jointLog] [info] wrote 66 bootstraps
[2019-05-16 04:18:11.657] [jointLog] [info] wrote 67 bootstraps
[2019-05-16 04:19:48.481] [jointLog] [info] wrote 68 bootstraps
[2019-05-16 04:21:04.636] [jointLog] [info] wrote 69 bootstraps
[2019-05-16 04:22:23.188] [jointLog] [info] wrote 70 bootstraps
[2019-05-16 04:23:51.640] [jointLog] [info] wrote 71 bootstraps
[2019-05-16 04:25:06.411] [jointLog] [info] wrote 72 bootstraps
[2019-05-16 04:26:25.380] [jointLog] [info] wrote 73 bootstraps
[2019-05-16 04:27:41.796] [jointLog] [info] wrote 74 bootstraps
[2019-05-16 04:28:58.415] [jointLog] [info] wrote 75 bootstraps
[2019-05-16 04:30:33.630] [jointLog] [info] wrote 76 bootstraps
[2019-05-16 04:31:54.170] [jointLog] [info] wrote 77 bootstraps
[2019-05-16 04:33:23.662] [jointLog] [info] wrote 78 bootstraps
[2019-05-16 04:34:42.931] [jointLog] [info] wrote 79 bootstraps
[2019-05-16 04:36:01.642] [jointLog] [info] wrote 80 bootstraps
[2019-05-16 04:37:26.627] [jointLog] [info] wrote 81 bootstraps
[2019-05-16 04:38:54.850] [jointLog] [info] wrote 82 bootstraps
[2019-05-16 04:40:20.803] [jointLog] [info] wrote 83 bootstraps
[2019-05-16 04:41:50.762] [jointLog] [info] wrote 84 bootstraps
[2019-05-16 04:43:09.466] [jointLog] [info] wrote 85 bootstraps
[2019-05-16 04:44:35.567] [jointLog] [info] wrote 86 bootstraps
[2019-05-16 04:45:58.684] [jointLog] [info] wrote 87 bootstraps
[2019-05-16 04:47:27.452] [jointLog] [info] wrote 88 bootstraps
[2019-05-16 04:48:51.426] [jointLog] [info] wrote 89 bootstraps
[2019-05-16 04:50:11.116] [jointLog] [info] wrote 90 bootstraps
[2019-05-16 04:51:31.784] [jointLog] [info] wrote 91 bootstraps
[2019-05-16 04:53:00.108] [jointLog] [info] wrote 92 bootstraps
[2019-05-16 04:54:20.479] [jointLog] [info] wrote 93 bootstraps
[2019-05-16 04:55:39.863] [jointLog] [info] wrote 94 bootstraps
[2019-05-16 04:56:57.117] [jointLog] [info] wrote 95 bootstraps
[2019-05-16 04:58:14.862] [jointLog] [info] wrote 96 bootstraps
[2019-05-16 04:59:49.842] [jointLog] [info] wrote 97 bootstraps
[2019-05-16 05:01:21.501] [jointLog] [info] wrote 98 bootstraps
[2019-05-16 05:02:45.655] [jointLog] [info] wrote 99 bootstraps
[2019-05-16 05:04:07.823] [jointLog] [info] wrote 100 bootstraps
[2019-05-16 05:04:07.868] [jointLog] [info] Finished Bootstrapping
