[2019-05-15 22:56:35.263] [jointLog] [info] parsing read library format
[2019-05-15 22:56:35.263] [jointLog] [info] There is 1 library.
[2019-05-15 22:56:35.381] [jointLog] [info] Loading Quasi index
[2019-05-15 22:56:35.381] [jointLog] [info] Loading 32-bit quasi index
[2019-05-15 22:56:47.873] [jointLog] [info] done
[2019-05-15 22:56:47.873] [jointLog] [info] Index contained 200401 targets
[2019-05-15 22:56:53.562] [jointLog] [info] Automatically detected most likely library type as IU
[2019-05-16 01:05:00.367] [jointLog] [info] Computed 486147 rich equivalence classes for further processing
[2019-05-16 01:05:00.367] [jointLog] [info] Counted 61242856 total reads in the equivalence classes 
[2019-05-16 01:05:00.369] [jointLog] [info] Mapping rate = 85.3373%

[2019-05-16 01:05:00.369] [jointLog] [info] finished quantifyLibrary()
[2019-05-16 01:05:00.375] [jointLog] [info] Starting optimizer
[2019-05-16 01:05:00.368] [fileLog] [info] 
At end of round 0
==================
Observed 71765617 total fragments (71765617 in most recent round)

[2019-05-16 01:05:00.890] [jointLog] [info] Marked 0 weighted equivalence classes as degenerate
[2019-05-16 01:05:01.042] [jointLog] [info] iteration = 0 | max rel diff. = 26.7811
[2019-05-16 01:05:02.304] [jointLog] [info] iteration 11, adjusting effective lengths to account for biases
[2019-05-16 02:03:42.611] [jointLog] [info] Computed expected counts (for bias correction)
[2019-05-16 02:03:42.632] [jointLog] [info] processed bias for 0.0% of the transcripts
[2019-05-16 02:10:44.336] [jointLog] [info] processed bias for 10.0% of the transcripts
[2019-05-16 02:17:51.045] [jointLog] [info] processed bias for 20.0% of the transcripts
[2019-05-16 02:25:02.734] [jointLog] [info] processed bias for 30.0% of the transcripts
[2019-05-16 02:31:51.285] [jointLog] [info] processed bias for 40.0% of the transcripts
[2019-05-16 02:38:30.129] [jointLog] [info] processed bias for 50.0% of the transcripts
[2019-05-16 02:45:20.128] [jointLog] [info] processed bias for 60.0% of the transcripts
[2019-05-16 02:51:25.219] [jointLog] [info] processed bias for 70.0% of the transcripts
[2019-05-16 02:57:31.712] [jointLog] [info] processed bias for 80.0% of the transcripts
[2019-05-16 03:01:58.429] [jointLog] [info] processed bias for 100.0% of the transcripts
[2019-05-16 03:02:10.540] [jointLog] [info] iteration = 100 | max rel diff. = 0.194017
[2019-05-16 03:02:23.804] [jointLog] [info] iteration = 200 | max rel diff. = 0.0683587
[2019-05-16 03:02:36.877] [jointLog] [info] iteration = 300 | max rel diff. = 0.0383011
[2019-05-16 03:02:50.194] [jointLog] [info] iteration = 400 | max rel diff. = 0.0792262
[2019-05-16 03:03:03.452] [jointLog] [info] iteration = 500 | max rel diff. = 0.0232359
[2019-05-16 03:03:16.644] [jointLog] [info] iteration = 600 | max rel diff. = 0.0208674
[2019-05-16 03:03:29.792] [jointLog] [info] iteration = 700 | max rel diff. = 0.015594
[2019-05-16 03:03:43.149] [jointLog] [info] iteration = 800 | max rel diff. = 0.014221
[2019-05-16 03:03:56.321] [jointLog] [info] iteration = 900 | max rel diff. = 0.0123144
[2019-05-16 03:04:10.297] [jointLog] [info] iteration = 1000 | max rel diff. = 0.0123179
[2019-05-16 03:04:23.477] [jointLog] [info] iteration = 1100 | max rel diff. = 0.01059
[2019-05-16 03:04:33.066] [jointLog] [info] iteration = 1172 | max rel diff. = 0.00942582
[2019-05-16 03:04:33.095] [jointLog] [info] Finished optimizer
[2019-05-16 03:04:33.095] [jointLog] [info] writing output 

[2019-05-16 03:04:33.542] [jointLog] [info] Starting Bootstrapping
[2019-05-16 03:04:33.878] [jointLog] [info] Will draw 100 bootstrap samples
[2019-05-16 03:04:33.878] [jointLog] [info] Optimizing over 486147 equivalence classes
[2019-05-16 03:04:33.959] [jointLog] [info] Marked 0 weighted equivalence classes as degenerate
[2019-05-16 03:06:25.371] [jointLog] [info] wrote 1 bootstraps
[2019-05-16 03:08:14.468] [jointLog] [info] wrote 2 bootstraps
[2019-05-16 03:10:03.223] [jointLog] [info] wrote 3 bootstraps
[2019-05-16 03:11:55.382] [jointLog] [info] wrote 4 bootstraps
[2019-05-16 03:13:46.391] [jointLog] [info] wrote 5 bootstraps
[2019-05-16 03:15:33.170] [jointLog] [info] wrote 6 bootstraps
[2019-05-16 03:17:34.954] [jointLog] [info] wrote 7 bootstraps
[2019-05-16 03:19:28.192] [jointLog] [info] wrote 8 bootstraps
[2019-05-16 03:21:20.532] [jointLog] [info] wrote 9 bootstraps
[2019-05-16 03:23:08.868] [jointLog] [info] wrote 10 bootstraps
[2019-05-16 03:24:55.650] [jointLog] [info] wrote 11 bootstraps
[2019-05-16 03:26:55.387] [jointLog] [info] wrote 12 bootstraps
[2019-05-16 03:28:41.860] [jointLog] [info] wrote 13 bootstraps
[2019-05-16 03:30:53.967] [jointLog] [info] wrote 14 bootstraps
[2019-05-16 03:32:49.399] [jointLog] [info] wrote 15 bootstraps
[2019-05-16 03:34:35.339] [jointLog] [info] wrote 16 bootstraps
[2019-05-16 03:36:31.342] [jointLog] [info] wrote 17 bootstraps
[2019-05-16 03:38:17.201] [jointLog] [info] wrote 18 bootstraps
[2019-05-16 03:40:02.820] [jointLog] [info] wrote 19 bootstraps
[2019-05-16 03:42:03.207] [jointLog] [info] wrote 20 bootstraps
[2019-05-16 03:44:13.526] [jointLog] [info] wrote 21 bootstraps
[2019-05-16 03:46:11.489] [jointLog] [info] wrote 22 bootstraps
[2019-05-16 03:47:57.969] [jointLog] [info] wrote 23 bootstraps
[2019-05-16 03:50:10.625] [jointLog] [info] wrote 24 bootstraps
[2019-05-16 03:52:07.331] [jointLog] [info] wrote 25 bootstraps
[2019-05-16 03:53:53.549] [jointLog] [info] wrote 26 bootstraps
[2019-05-16 03:55:44.399] [jointLog] [info] wrote 27 bootstraps
[2019-05-16 03:57:30.614] [jointLog] [info] wrote 28 bootstraps
[2019-05-16 03:59:37.912] [jointLog] [info] wrote 29 bootstraps
[2019-05-16 04:01:23.828] [jointLog] [info] wrote 30 bootstraps
[2019-05-16 04:03:13.662] [jointLog] [info] wrote 31 bootstraps
[2019-05-16 04:05:00.423] [jointLog] [info] wrote 32 bootstraps
[2019-05-16 04:06:50.017] [jointLog] [info] wrote 33 bootstraps
[2019-05-16 04:09:08.008] [jointLog] [info] wrote 34 bootstraps
[2019-05-16 04:10:58.530] [jointLog] [info] wrote 35 bootstraps
[2019-05-16 04:12:46.934] [jointLog] [info] wrote 36 bootstraps
[2019-05-16 04:14:38.839] [jointLog] [info] wrote 37 bootstraps
[2019-05-16 04:16:46.857] [jointLog] [info] wrote 38 bootstraps
[2019-05-16 04:19:13.171] [jointLog] [info] wrote 39 bootstraps
[2019-05-16 04:21:06.580] [jointLog] [info] wrote 40 bootstraps
[2019-05-16 04:22:52.360] [jointLog] [info] wrote 41 bootstraps
[2019-05-16 04:24:52.320] [jointLog] [info] wrote 42 bootstraps
[2019-05-16 04:26:39.933] [jointLog] [info] wrote 43 bootstraps
[2019-05-16 04:28:37.136] [jointLog] [info] wrote 44 bootstraps
[2019-05-16 04:30:23.710] [jointLog] [info] wrote 45 bootstraps
[2019-05-16 04:32:12.036] [jointLog] [info] wrote 46 bootstraps
[2019-05-16 04:33:58.391] [jointLog] [info] wrote 47 bootstraps
[2019-05-16 04:35:45.749] [jointLog] [info] wrote 48 bootstraps
[2019-05-16 04:37:35.553] [jointLog] [info] wrote 49 bootstraps
[2019-05-16 04:39:39.360] [jointLog] [info] wrote 50 bootstraps
[2019-05-16 04:41:28.743] [jointLog] [info] wrote 51 bootstraps
[2019-05-16 04:43:43.252] [jointLog] [info] wrote 52 bootstraps
[2019-05-16 04:45:48.916] [jointLog] [info] wrote 53 bootstraps
[2019-05-16 04:47:38.263] [jointLog] [info] wrote 54 bootstraps
[2019-05-16 04:50:07.238] [jointLog] [info] wrote 55 bootstraps
[2019-05-16 04:52:00.987] [jointLog] [info] wrote 56 bootstraps
[2019-05-16 04:53:52.821] [jointLog] [info] wrote 57 bootstraps
[2019-05-16 04:55:51.603] [jointLog] [info] wrote 58 bootstraps
[2019-05-16 04:57:53.051] [jointLog] [info] wrote 59 bootstraps
[2019-05-16 04:59:43.296] [jointLog] [info] wrote 60 bootstraps
[2019-05-16 05:01:33.850] [jointLog] [info] wrote 61 bootstraps
[2019-05-16 05:03:33.579] [jointLog] [info] wrote 62 bootstraps
[2019-05-16 05:05:24.428] [jointLog] [info] wrote 63 bootstraps
[2019-05-16 05:07:15.673] [jointLog] [info] wrote 64 bootstraps
[2019-05-16 05:09:18.255] [jointLog] [info] wrote 65 bootstraps
[2019-05-16 05:11:19.499] [jointLog] [info] wrote 66 bootstraps
[2019-05-16 05:13:09.180] [jointLog] [info] wrote 67 bootstraps
[2019-05-16 05:14:59.990] [jointLog] [info] wrote 68 bootstraps
[2019-05-16 05:16:55.342] [jointLog] [info] wrote 69 bootstraps
[2019-05-16 05:19:13.019] [jointLog] [info] wrote 70 bootstraps
[2019-05-16 05:21:03.728] [jointLog] [info] wrote 71 bootstraps
[2019-05-16 05:23:18.775] [jointLog] [info] wrote 72 bootstraps
[2019-05-16 05:25:09.827] [jointLog] [info] wrote 73 bootstraps
[2019-05-16 05:27:57.808] [jointLog] [info] wrote 74 bootstraps
[2019-05-16 05:30:05.600] [jointLog] [info] wrote 75 bootstraps
[2019-05-16 05:31:56.958] [jointLog] [info] wrote 76 bootstraps
[2019-05-16 05:33:48.027] [jointLog] [info] wrote 77 bootstraps
[2019-05-16 05:35:39.595] [jointLog] [info] wrote 78 bootstraps
[2019-05-16 05:37:36.697] [jointLog] [info] wrote 79 bootstraps
[2019-05-16 05:39:43.778] [jointLog] [info] wrote 80 bootstraps
[2019-05-16 05:41:44.227] [jointLog] [info] wrote 81 bootstraps
[2019-05-16 05:44:02.029] [jointLog] [info] wrote 82 bootstraps
[2019-05-16 05:46:02.765] [jointLog] [info] wrote 83 bootstraps
[2019-05-16 05:48:08.881] [jointLog] [info] wrote 84 bootstraps
[2019-05-16 05:50:02.216] [jointLog] [info] wrote 85 bootstraps
[2019-05-16 05:51:59.732] [jointLog] [info] wrote 86 bootstraps
[2019-05-16 05:54:28.365] [jointLog] [info] wrote 87 bootstraps
[2019-05-16 05:56:18.930] [jointLog] [info] wrote 88 bootstraps
[2019-05-16 05:58:10.736] [jointLog] [info] wrote 89 bootstraps
[2019-05-16 06:00:03.254] [jointLog] [info] wrote 90 bootstraps
[2019-05-16 06:01:51.490] [jointLog] [info] wrote 91 bootstraps
[2019-05-16 06:03:42.333] [jointLog] [info] wrote 92 bootstraps
[2019-05-16 06:05:37.782] [jointLog] [info] wrote 93 bootstraps
[2019-05-16 06:07:40.351] [jointLog] [info] wrote 94 bootstraps
[2019-05-16 06:09:31.505] [jointLog] [info] wrote 95 bootstraps
[2019-05-16 06:11:32.283] [jointLog] [info] wrote 96 bootstraps
[2019-05-16 06:13:23.627] [jointLog] [info] wrote 97 bootstraps
[2019-05-16 06:15:14.522] [jointLog] [info] wrote 98 bootstraps
[2019-05-16 06:17:19.725] [jointLog] [info] wrote 99 bootstraps
[2019-05-16 06:19:18.289] [jointLog] [info] wrote 100 bootstraps
[2019-05-16 06:19:18.336] [jointLog] [info] Finished Bootstrapping
