[2019-05-15 22:56:54.840] [jointLog] [info] parsing read library format
[2019-05-15 22:56:54.840] [jointLog] [info] There is 1 library.
[2019-05-15 22:56:54.884] [jointLog] [info] Loading Quasi index
[2019-05-15 22:56:54.885] [jointLog] [info] Loading 32-bit quasi index
[2019-05-15 22:57:07.299] [jointLog] [info] done
[2019-05-15 22:57:07.299] [jointLog] [info] Index contained 200401 targets
[2019-05-15 22:57:12.448] [jointLog] [info] Automatically detected most likely library type as IU
[2019-05-16 02:01:17.883] [fileLog] [info] 
At end of round 0
==================
Observed 113161956 total fragments (113161956 in most recent round)

[2019-05-16 02:01:17.882] [jointLog] [info] Computed 496587 rich equivalence classes for further processing
[2019-05-16 02:01:17.882] [jointLog] [info] Counted 91746879 total reads in the equivalence classes 
[2019-05-16 02:01:17.884] [jointLog] [info] Mapping rate = 81.0757%

[2019-05-16 02:01:17.884] [jointLog] [info] finished quantifyLibrary()
[2019-05-16 02:01:17.887] [jointLog] [info] Starting optimizer
[2019-05-16 02:01:18.214] [jointLog] [info] Marked 0 weighted equivalence classes as degenerate
[2019-05-16 02:01:18.293] [jointLog] [info] iteration = 0 | max rel diff. = 9.37147
[2019-05-16 02:01:19.071] [jointLog] [info] iteration 11, adjusting effective lengths to account for biases
[2019-05-16 03:07:21.503] [jointLog] [info] Computed expected counts (for bias correction)
[2019-05-16 03:07:21.526] [jointLog] [info] processed bias for 0.0% of the transcripts
[2019-05-16 03:15:05.320] [jointLog] [info] processed bias for 10.0% of the transcripts
[2019-05-16 03:22:51.128] [jointLog] [info] processed bias for 20.0% of the transcripts
[2019-05-16 03:30:53.829] [jointLog] [info] processed bias for 30.0% of the transcripts
[2019-05-16 03:38:25.960] [jointLog] [info] processed bias for 40.0% of the transcripts
[2019-05-16 03:45:48.755] [jointLog] [info] processed bias for 50.0% of the transcripts
[2019-05-16 03:53:16.335] [jointLog] [info] processed bias for 60.0% of the transcripts
[2019-05-16 04:00:04.744] [jointLog] [info] processed bias for 70.0% of the transcripts
[2019-05-16 04:06:50.035] [jointLog] [info] processed bias for 80.0% of the transcripts
[2019-05-16 04:12:29.133] [jointLog] [info] processed bias for 100.0% of the transcripts
[2019-05-16 04:12:37.325] [jointLog] [info] iteration = 100 | max rel diff. = 0.22579
[2019-05-16 04:12:46.457] [jointLog] [info] iteration = 200 | max rel diff. = 0.0819547
[2019-05-16 04:12:55.078] [jointLog] [info] iteration = 300 | max rel diff. = 0.0486442
[2019-05-16 04:13:03.503] [jointLog] [info] iteration = 400 | max rel diff. = 0.0456526
[2019-05-16 04:13:12.069] [jointLog] [info] iteration = 500 | max rel diff. = 0.0422863
[2019-05-16 04:13:20.669] [jointLog] [info] iteration = 600 | max rel diff. = 0.0282713
[2019-05-16 04:13:29.498] [jointLog] [info] iteration = 700 | max rel diff. = 0.0235474
[2019-05-16 04:13:38.659] [jointLog] [info] iteration = 800 | max rel diff. = 0.0175352
[2019-05-16 04:13:47.155] [jointLog] [info] iteration = 900 | max rel diff. = 0.0165745
[2019-05-16 04:13:55.707] [jointLog] [info] iteration = 1000 | max rel diff. = 0.0641379
[2019-05-16 04:14:04.175] [jointLog] [info] iteration = 1100 | max rel diff. = 0.0130531
[2019-05-16 04:14:12.632] [jointLog] [info] iteration = 1200 | max rel diff. = 0.0125486
[2019-05-16 04:14:21.041] [jointLog] [info] iteration = 1300 | max rel diff. = 0.0108175
[2019-05-16 04:14:27.810] [jointLog] [info] iteration = 1381 | max rel diff. = 0.00952857
[2019-05-16 04:14:27.832] [jointLog] [info] Finished optimizer
[2019-05-16 04:14:27.832] [jointLog] [info] writing output 

[2019-05-16 04:14:28.357] [jointLog] [info] Starting Bootstrapping
[2019-05-16 04:14:28.560] [jointLog] [info] Will draw 100 bootstrap samples
[2019-05-16 04:14:28.560] [jointLog] [info] Optimizing over 496587 equivalence classes
[2019-05-16 04:14:28.600] [jointLog] [info] Marked 0 weighted equivalence classes as degenerate
[2019-05-16 04:15:53.089] [jointLog] [info] wrote 1 bootstraps
[2019-05-16 04:17:24.577] [jointLog] [info] wrote 2 bootstraps
[2019-05-16 04:18:42.829] [jointLog] [info] wrote 3 bootstraps
[2019-05-16 04:20:01.296] [jointLog] [info] wrote 4 bootstraps
[2019-05-16 04:21:38.185] [jointLog] [info] wrote 5 bootstraps
[2019-05-16 04:23:12.365] [jointLog] [info] wrote 6 bootstraps
[2019-05-16 04:24:49.764] [jointLog] [info] wrote 7 bootstraps
[2019-05-16 04:26:17.437] [jointLog] [info] wrote 8 bootstraps
[2019-05-16 04:27:42.949] [jointLog] [info] wrote 9 bootstraps
[2019-05-16 04:29:05.487] [jointLog] [info] wrote 10 bootstraps
[2019-05-16 04:30:26.907] [jointLog] [info] wrote 11 bootstraps
[2019-05-16 04:31:59.568] [jointLog] [info] wrote 12 bootstraps
[2019-05-16 04:33:40.877] [jointLog] [info] wrote 13 bootstraps
[2019-05-16 04:35:05.532] [jointLog] [info] wrote 14 bootstraps
[2019-05-16 04:36:34.981] [jointLog] [info] wrote 15 bootstraps
[2019-05-16 04:37:52.635] [jointLog] [info] wrote 16 bootstraps
[2019-05-16 04:39:24.022] [jointLog] [info] wrote 17 bootstraps
[2019-05-16 04:40:58.623] [jointLog] [info] wrote 18 bootstraps
[2019-05-16 04:42:16.490] [jointLog] [info] wrote 19 bootstraps
[2019-05-16 04:43:52.096] [jointLog] [info] wrote 20 bootstraps
[2019-05-16 04:45:22.489] [jointLog] [info] wrote 21 bootstraps
[2019-05-16 04:47:01.342] [jointLog] [info] wrote 22 bootstraps
[2019-05-16 04:48:41.201] [jointLog] [info] wrote 23 bootstraps
[2019-05-16 04:50:16.200] [jointLog] [info] wrote 24 bootstraps
[2019-05-16 04:51:54.387] [jointLog] [info] wrote 25 bootstraps
[2019-05-16 04:53:31.874] [jointLog] [info] wrote 26 bootstraps
[2019-05-16 04:55:00.034] [jointLog] [info] wrote 27 bootstraps
[2019-05-16 04:56:25.242] [jointLog] [info] wrote 28 bootstraps
[2019-05-16 04:57:41.877] [jointLog] [info] wrote 29 bootstraps
[2019-05-16 04:59:10.309] [jointLog] [info] wrote 30 bootstraps
[2019-05-16 05:00:50.159] [jointLog] [info] wrote 31 bootstraps
[2019-05-16 05:02:08.073] [jointLog] [info] wrote 32 bootstraps
[2019-05-16 05:03:40.475] [jointLog] [info] wrote 33 bootstraps
[2019-05-16 05:05:09.368] [jointLog] [info] wrote 34 bootstraps
[2019-05-16 05:06:23.297] [jointLog] [info] wrote 35 bootstraps
[2019-05-16 05:07:48.066] [jointLog] [info] wrote 36 bootstraps
[2019-05-16 05:09:14.435] [jointLog] [info] wrote 37 bootstraps
[2019-05-16 05:10:32.500] [jointLog] [info] wrote 38 bootstraps
[2019-05-16 05:11:51.174] [jointLog] [info] wrote 39 bootstraps
[2019-05-16 05:13:04.262] [jointLog] [info] wrote 40 bootstraps
[2019-05-16 05:14:29.166] [jointLog] [info] wrote 41 bootstraps
[2019-05-16 05:15:50.735] [jointLog] [info] wrote 42 bootstraps
[2019-05-16 05:17:18.486] [jointLog] [info] wrote 43 bootstraps
[2019-05-16 05:18:37.434] [jointLog] [info] wrote 44 bootstraps
[2019-05-16 05:19:59.668] [jointLog] [info] wrote 45 bootstraps
[2019-05-16 05:21:32.587] [jointLog] [info] wrote 46 bootstraps
[2019-05-16 05:22:49.853] [jointLog] [info] wrote 47 bootstraps
[2019-05-16 05:24:15.504] [jointLog] [info] wrote 48 bootstraps
[2019-05-16 05:25:38.379] [jointLog] [info] wrote 49 bootstraps
[2019-05-16 05:27:03.764] [jointLog] [info] wrote 50 bootstraps
[2019-05-16 05:28:23.445] [jointLog] [info] wrote 51 bootstraps
[2019-05-16 05:29:33.618] [jointLog] [info] wrote 52 bootstraps
[2019-05-16 05:31:04.930] [jointLog] [info] wrote 53 bootstraps
[2019-05-16 05:32:37.746] [jointLog] [info] wrote 54 bootstraps
[2019-05-16 05:33:55.950] [jointLog] [info] wrote 55 bootstraps
[2019-05-16 05:35:19.977] [jointLog] [info] wrote 56 bootstraps
[2019-05-16 05:36:44.598] [jointLog] [info] wrote 57 bootstraps
[2019-05-16 05:38:08.966] [jointLog] [info] wrote 58 bootstraps
[2019-05-16 05:39:43.695] [jointLog] [info] wrote 59 bootstraps
[2019-05-16 05:41:10.017] [jointLog] [info] wrote 60 bootstraps
[2019-05-16 05:42:38.127] [jointLog] [info] wrote 61 bootstraps
[2019-05-16 05:44:06.321] [jointLog] [info] wrote 62 bootstraps
[2019-05-16 05:45:33.186] [jointLog] [info] wrote 63 bootstraps
[2019-05-16 05:46:53.666] [jointLog] [info] wrote 64 bootstraps
[2019-05-16 05:48:11.768] [jointLog] [info] wrote 65 bootstraps
[2019-05-16 05:49:30.872] [jointLog] [info] wrote 66 bootstraps
[2019-05-16 05:51:09.819] [jointLog] [info] wrote 67 bootstraps
[2019-05-16 05:52:26.876] [jointLog] [info] wrote 68 bootstraps
[2019-05-16 05:54:08.323] [jointLog] [info] wrote 69 bootstraps
[2019-05-16 05:55:32.927] [jointLog] [info] wrote 70 bootstraps
[2019-05-16 05:57:07.300] [jointLog] [info] wrote 71 bootstraps
[2019-05-16 05:58:29.043] [jointLog] [info] wrote 72 bootstraps
[2019-05-16 05:59:59.174] [jointLog] [info] wrote 73 bootstraps
[2019-05-16 06:01:16.816] [jointLog] [info] wrote 74 bootstraps
[2019-05-16 06:02:42.587] [jointLog] [info] wrote 75 bootstraps
[2019-05-16 06:04:05.243] [jointLog] [info] wrote 76 bootstraps
[2019-05-16 06:05:26.259] [jointLog] [info] wrote 77 bootstraps
[2019-05-16 06:06:43.585] [jointLog] [info] wrote 78 bootstraps
[2019-05-16 06:08:14.841] [jointLog] [info] wrote 79 bootstraps
[2019-05-16 06:09:34.249] [jointLog] [info] wrote 80 bootstraps
[2019-05-16 06:11:02.180] [jointLog] [info] wrote 81 bootstraps
[2019-05-16 06:12:29.193] [jointLog] [info] wrote 82 bootstraps
[2019-05-16 06:13:57.523] [jointLog] [info] wrote 83 bootstraps
[2019-05-16 06:15:16.695] [jointLog] [info] wrote 84 bootstraps
[2019-05-16 06:16:32.130] [jointLog] [info] wrote 85 bootstraps
[2019-05-16 06:18:00.862] [jointLog] [info] wrote 86 bootstraps
[2019-05-16 06:19:18.976] [jointLog] [info] wrote 87 bootstraps
[2019-05-16 06:20:38.954] [jointLog] [info] wrote 88 bootstraps
[2019-05-16 06:21:54.775] [jointLog] [info] wrote 89 bootstraps
[2019-05-16 06:23:30.007] [jointLog] [info] wrote 90 bootstraps
[2019-05-16 06:25:00.750] [jointLog] [info] wrote 91 bootstraps
[2019-05-16 06:26:24.386] [jointLog] [info] wrote 92 bootstraps
[2019-05-16 06:27:45.704] [jointLog] [info] wrote 93 bootstraps
[2019-05-16 06:29:13.462] [jointLog] [info] wrote 94 bootstraps
[2019-05-16 06:30:31.117] [jointLog] [info] wrote 95 bootstraps
[2019-05-16 06:32:04.282] [jointLog] [info] wrote 96 bootstraps
[2019-05-16 06:33:20.492] [jointLog] [info] wrote 97 bootstraps
[2019-05-16 06:34:55.010] [jointLog] [info] wrote 98 bootstraps
[2019-05-16 06:36:26.888] [jointLog] [info] wrote 99 bootstraps
[2019-05-16 06:37:56.192] [jointLog] [info] wrote 100 bootstraps
[2019-05-16 06:37:56.247] [jointLog] [info] Finished Bootstrapping
