[2019-05-15 22:57:24.021] [jointLog] [info] parsing read library format
[2019-05-15 22:57:24.021] [jointLog] [info] There is 1 library.
[2019-05-15 22:57:24.107] [jointLog] [info] Loading Quasi index
[2019-05-15 22:57:24.108] [jointLog] [info] Loading 32-bit quasi index
[2019-05-15 22:57:36.322] [jointLog] [info] done
[2019-05-15 22:57:36.322] [jointLog] [info] Index contained 200401 targets
[2019-05-15 22:57:41.632] [jointLog] [info] Automatically detected most likely library type as IU
[2019-05-16 01:41:18.211] [jointLog] [info] Computed 484753 rich equivalence classes for further processing
[2019-05-16 01:41:18.211] [jointLog] [info] Counted 76783590 total reads in the equivalence classes 
[2019-05-16 01:41:18.213] [jointLog] [info] Mapping rate = 81.5226%

[2019-05-16 01:41:18.213] [jointLog] [info] finished quantifyLibrary()
[2019-05-16 01:41:18.218] [jointLog] [info] Starting optimizer
[2019-05-16 01:41:18.212] [fileLog] [info] 
At end of round 0
==================
Observed 94186894 total fragments (94186894 in most recent round)

[2019-05-16 01:41:18.568] [jointLog] [info] Marked 1 weighted equivalence classes as degenerate
[2019-05-16 01:41:18.655] [jointLog] [info] iteration = 0 | max rel diff. = 9.21816
[2019-05-16 01:41:19.527] [jointLog] [info] iteration 11, adjusting effective lengths to account for biases
[2019-05-16 02:33:04.248] [jointLog] [info] Computed expected counts (for bias correction)
[2019-05-16 02:33:04.267] [jointLog] [info] processed bias for 0.0% of the transcripts
[2019-05-16 02:39:09.980] [jointLog] [info] processed bias for 10.0% of the transcripts
[2019-05-16 02:45:15.765] [jointLog] [info] processed bias for 20.0% of the transcripts
[2019-05-16 02:51:24.990] [jointLog] [info] processed bias for 30.0% of the transcripts
[2019-05-16 02:57:13.552] [jointLog] [info] processed bias for 40.0% of the transcripts
[2019-05-16 03:02:58.707] [jointLog] [info] processed bias for 50.0% of the transcripts
[2019-05-16 03:08:50.150] [jointLog] [info] processed bias for 60.0% of the transcripts
[2019-05-16 03:14:05.835] [jointLog] [info] processed bias for 70.0% of the transcripts
[2019-05-16 03:19:15.064] [jointLog] [info] processed bias for 80.0% of the transcripts
[2019-05-16 03:23:35.071] [jointLog] [info] processed bias for 100.0% of the transcripts
[2019-05-16 03:23:44.664] [jointLog] [info] iteration = 100 | max rel diff. = 0.170491
[2019-05-16 03:23:55.232] [jointLog] [info] iteration = 200 | max rel diff. = 0.0960565
[2019-05-16 03:24:05.795] [jointLog] [info] iteration = 300 | max rel diff. = 0.0448562
[2019-05-16 03:24:16.149] [jointLog] [info] iteration = 400 | max rel diff. = 0.0500373
[2019-05-16 03:24:26.961] [jointLog] [info] iteration = 500 | max rel diff. = 0.0406084
[2019-05-16 03:24:37.517] [jointLog] [info] iteration = 600 | max rel diff. = 0.0419063
[2019-05-16 03:24:48.249] [jointLog] [info] iteration = 700 | max rel diff. = 0.0295648
[2019-05-16 03:24:58.852] [jointLog] [info] iteration = 800 | max rel diff. = 0.054096
[2019-05-16 03:25:09.316] [jointLog] [info] iteration = 900 | max rel diff. = 0.0179062
[2019-05-16 03:25:20.633] [jointLog] [info] iteration = 1000 | max rel diff. = 0.0148417
[2019-05-16 03:25:32.383] [jointLog] [info] iteration = 1100 | max rel diff. = 0.0118489
[2019-05-16 03:25:43.037] [jointLog] [info] iteration = 1200 | max rel diff. = 0.011849
[2019-05-16 03:25:51.988] [jointLog] [info] iteration = 1285 | max rel diff. = 0.00985426
[2019-05-16 03:25:52.017] [jointLog] [info] Finished optimizer
[2019-05-16 03:25:52.017] [jointLog] [info] writing output 

[2019-05-16 03:25:52.489] [jointLog] [info] Starting Bootstrapping
[2019-05-16 03:25:52.810] [jointLog] [info] Will draw 100 bootstrap samples
[2019-05-16 03:25:52.810] [jointLog] [info] Optimizing over 484753 equivalence classes
[2019-05-16 03:25:52.871] [jointLog] [info] Marked 0 weighted equivalence classes as degenerate
[2019-05-16 03:27:19.507] [jointLog] [info] wrote 1 bootstraps
[2019-05-16 03:28:55.133] [jointLog] [info] wrote 2 bootstraps
[2019-05-16 03:30:30.684] [jointLog] [info] wrote 3 bootstraps
[2019-05-16 03:31:54.176] [jointLog] [info] wrote 4 bootstraps
[2019-05-16 03:33:34.138] [jointLog] [info] wrote 5 bootstraps
[2019-05-16 03:35:14.238] [jointLog] [info] wrote 6 bootstraps
[2019-05-16 03:36:37.059] [jointLog] [info] wrote 7 bootstraps
[2019-05-16 03:38:01.392] [jointLog] [info] wrote 8 bootstraps
[2019-05-16 03:39:24.037] [jointLog] [info] wrote 9 bootstraps
[2019-05-16 03:41:01.908] [jointLog] [info] wrote 10 bootstraps
[2019-05-16 03:42:53.675] [jointLog] [info] wrote 11 bootstraps
[2019-05-16 03:44:20.649] [jointLog] [info] wrote 12 bootstraps
[2019-05-16 03:45:46.910] [jointLog] [info] wrote 13 bootstraps
[2019-05-16 03:47:08.069] [jointLog] [info] wrote 14 bootstraps
[2019-05-16 03:48:52.730] [jointLog] [info] wrote 15 bootstraps
[2019-05-16 03:50:13.577] [jointLog] [info] wrote 16 bootstraps
[2019-05-16 03:51:44.122] [jointLog] [info] wrote 17 bootstraps
[2019-05-16 03:53:27.194] [jointLog] [info] wrote 18 bootstraps
[2019-05-16 03:54:50.818] [jointLog] [info] wrote 19 bootstraps
[2019-05-16 03:56:13.388] [jointLog] [info] wrote 20 bootstraps
[2019-05-16 03:57:44.358] [jointLog] [info] wrote 21 bootstraps
[2019-05-16 03:59:29.540] [jointLog] [info] wrote 22 bootstraps
[2019-05-16 04:00:54.985] [jointLog] [info] wrote 23 bootstraps
[2019-05-16 04:02:20.555] [jointLog] [info] wrote 24 bootstraps
[2019-05-16 04:03:45.302] [jointLog] [info] wrote 25 bootstraps
[2019-05-16 04:05:07.478] [jointLog] [info] wrote 26 bootstraps
[2019-05-16 04:06:54.007] [jointLog] [info] wrote 27 bootstraps
[2019-05-16 04:08:18.036] [jointLog] [info] wrote 28 bootstraps
[2019-05-16 04:09:39.645] [jointLog] [info] wrote 29 bootstraps
[2019-05-16 04:11:00.988] [jointLog] [info] wrote 30 bootstraps
[2019-05-16 04:12:24.484] [jointLog] [info] wrote 31 bootstraps
[2019-05-16 04:13:58.895] [jointLog] [info] wrote 32 bootstraps
[2019-05-16 04:15:24.660] [jointLog] [info] wrote 33 bootstraps
[2019-05-16 04:16:55.742] [jointLog] [info] wrote 34 bootstraps
[2019-05-16 04:18:35.163] [jointLog] [info] wrote 35 bootstraps
[2019-05-16 04:20:08.480] [jointLog] [info] wrote 36 bootstraps
[2019-05-16 04:21:48.366] [jointLog] [info] wrote 37 bootstraps
[2019-05-16 04:23:12.967] [jointLog] [info] wrote 38 bootstraps
[2019-05-16 04:24:44.407] [jointLog] [info] wrote 39 bootstraps
[2019-05-16 04:26:10.959] [jointLog] [info] wrote 40 bootstraps
[2019-05-16 04:27:52.478] [jointLog] [info] wrote 41 bootstraps
[2019-05-16 04:29:22.583] [jointLog] [info] wrote 42 bootstraps
[2019-05-16 04:30:44.040] [jointLog] [info] wrote 43 bootstraps
[2019-05-16 04:32:12.237] [jointLog] [info] wrote 44 bootstraps
[2019-05-16 04:33:44.628] [jointLog] [info] wrote 45 bootstraps
[2019-05-16 04:35:09.351] [jointLog] [info] wrote 46 bootstraps
[2019-05-16 04:36:32.047] [jointLog] [info] wrote 47 bootstraps
[2019-05-16 04:38:07.557] [jointLog] [info] wrote 48 bootstraps
[2019-05-16 04:39:39.234] [jointLog] [info] wrote 49 bootstraps
[2019-05-16 04:41:14.993] [jointLog] [info] wrote 50 bootstraps
[2019-05-16 04:42:50.066] [jointLog] [info] wrote 51 bootstraps
[2019-05-16 04:44:37.341] [jointLog] [info] wrote 52 bootstraps
[2019-05-16 04:46:22.961] [jointLog] [info] wrote 53 bootstraps
[2019-05-16 04:48:05.027] [jointLog] [info] wrote 54 bootstraps
[2019-05-16 04:49:39.839] [jointLog] [info] wrote 55 bootstraps
[2019-05-16 04:51:14.499] [jointLog] [info] wrote 56 bootstraps
[2019-05-16 04:52:53.885] [jointLog] [info] wrote 57 bootstraps
[2019-05-16 04:54:29.946] [jointLog] [info] wrote 58 bootstraps
[2019-05-16 04:56:06.065] [jointLog] [info] wrote 59 bootstraps
[2019-05-16 04:57:35.414] [jointLog] [info] wrote 60 bootstraps
[2019-05-16 04:59:24.859] [jointLog] [info] wrote 61 bootstraps
[2019-05-16 05:01:20.286] [jointLog] [info] wrote 62 bootstraps
[2019-05-16 05:02:56.256] [jointLog] [info] wrote 63 bootstraps
[2019-05-16 05:04:30.994] [jointLog] [info] wrote 64 bootstraps
[2019-05-16 05:06:22.205] [jointLog] [info] wrote 65 bootstraps
[2019-05-16 05:08:07.999] [jointLog] [info] wrote 66 bootstraps
[2019-05-16 05:09:40.237] [jointLog] [info] wrote 67 bootstraps
[2019-05-16 05:11:11.870] [jointLog] [info] wrote 68 bootstraps
[2019-05-16 05:12:48.446] [jointLog] [info] wrote 69 bootstraps
[2019-05-16 05:14:24.776] [jointLog] [info] wrote 70 bootstraps
[2019-05-16 05:15:55.621] [jointLog] [info] wrote 71 bootstraps
[2019-05-16 05:17:29.018] [jointLog] [info] wrote 72 bootstraps
[2019-05-16 05:19:07.889] [jointLog] [info] wrote 73 bootstraps
[2019-05-16 05:20:43.510] [jointLog] [info] wrote 74 bootstraps
[2019-05-16 05:22:16.284] [jointLog] [info] wrote 75 bootstraps
[2019-05-16 05:23:57.264] [jointLog] [info] wrote 76 bootstraps
[2019-05-16 05:25:28.552] [jointLog] [info] wrote 77 bootstraps
[2019-05-16 05:27:15.399] [jointLog] [info] wrote 78 bootstraps
[2019-05-16 05:28:46.396] [jointLog] [info] wrote 79 bootstraps
[2019-05-16 05:30:20.045] [jointLog] [info] wrote 80 bootstraps
[2019-05-16 05:31:52.022] [jointLog] [info] wrote 81 bootstraps
[2019-05-16 05:33:24.174] [jointLog] [info] wrote 82 bootstraps
[2019-05-16 05:35:01.763] [jointLog] [info] wrote 83 bootstraps
[2019-05-16 05:36:29.824] [jointLog] [info] wrote 84 bootstraps
[2019-05-16 05:38:00.892] [jointLog] [info] wrote 85 bootstraps
[2019-05-16 05:39:50.897] [jointLog] [info] wrote 86 bootstraps
[2019-05-16 05:41:37.861] [jointLog] [info] wrote 87 bootstraps
[2019-05-16 05:43:26.439] [jointLog] [info] wrote 88 bootstraps
[2019-05-16 05:44:56.481] [jointLog] [info] wrote 89 bootstraps
[2019-05-16 05:46:27.319] [jointLog] [info] wrote 90 bootstraps
[2019-05-16 05:47:54.329] [jointLog] [info] wrote 91 bootstraps
[2019-05-16 05:49:28.706] [jointLog] [info] wrote 92 bootstraps
[2019-05-16 05:50:54.989] [jointLog] [info] wrote 93 bootstraps
[2019-05-16 05:52:26.294] [jointLog] [info] wrote 94 bootstraps
[2019-05-16 05:53:57.025] [jointLog] [info] wrote 95 bootstraps
[2019-05-16 05:55:27.917] [jointLog] [info] wrote 96 bootstraps
[2019-05-16 05:56:58.501] [jointLog] [info] wrote 97 bootstraps
[2019-05-16 05:58:33.867] [jointLog] [info] wrote 98 bootstraps
[2019-05-16 06:00:26.975] [jointLog] [info] wrote 99 bootstraps
[2019-05-16 06:02:06.490] [jointLog] [info] wrote 100 bootstraps
[2019-05-16 06:02:06.543] [jointLog] [info] Finished Bootstrapping
